<?xml version="1.0" encoding="UTF-8"?>
<testsuite xmlns:xsi="http://www.w3.org/2001/XMLSchema-instance" xsi:noNamespaceSchemaLocation="https://maven.apache.org/surefire/maven-surefire-plugin/xsd/surefire-test-report.xsd" name="TP1_ABBAOUI.AwesomePasswordCheckerTest" time="0.17" tests="9" errors="0" skipped="0" failures="0">
  <properties>
[...]
</properties>
  <testcase name="testGetInstanceWithFile" classname="TP1_ABBAOUI.AwesomePasswordCheckerTest" time="0.111"/>
  <testcase name="testComputeMD5" classname="TP1_ABBAOUI.AwesomePasswordCheckerTest" time="0.007"/>
  <testcase name="testGetInstanceWithoutFile" classname="TP1_ABBAOUI.AwesomePasswordCheckerTest" time="0.003"/>
  <testcase name="getDIstance" classname="TP1_ABBAOUI.AwesomePasswordCheckerTest" time="0.003"/>
  <testcase name="testMaskAff" classname="TP1_ABBAOUI.AwesomePasswordCheckerTest" time="0.001"/>
  <testcase name="maskAffTest" classname="TP1_ABBAOUI.AwesomePasswordCheckerTest" time="0.004"/>
  <testcase name="MD5HasherTest" classname="TP1_ABBAOUI.AwesomePasswordCheckerTest" time="0.001"/>
  <testcase name="testEuclideanDistance" classname="TP1_ABBAOUI.AwesomePasswordCheckerTest" time="0.002"/>
  <testcase name="testGetDistance" classname="TP1_ABBAOUI.AwesomePasswordCheckerTest" time="0.004"/>
</testsuite>